<?xml version="1.0" encoding="UTF-8"?>
<!-- Generated by org.testng.reporters.JUnitReportReporter -->
<testsuite skipped="0" hostname="DESKTOP-T8VQ6H9" name="calendar_control.ValidateTestcase" tests="1" failures="0" timestamp="24 Mar 2019 19:36:01 GMT" time="101.357" errors="0">
  <testcase name="verifySeleniumTitle" time="101.357" classname="calendar_control.ValidateTestcase"/>
</testsuite> <!-- calendar_control.ValidateTestcase -->
